<?xml version="1.0" encoding="UTF-8"?>
<!-- Generated by org.testng.reporters.JUnitXMLReporter -->
<testsuite hostname="DESKTOP-MEULL2C" ignored="0" name="chromeTest" tests="3" failures="0" timestamp="30 Dec 2022 02:51:18 GMT" time="98.207" errors="0">
  <testcase name="loginwithInValidCredentials" time="1.923" classname="com.supermarket.tests.LoginTest"/>
  <testcase name="loginwithInValidCredentials" time="0.709" classname="com.supermarket.tests.LoginTest"/>
  <testcase name="loginwithValidCredentials" time="15.0" classname="com.supermarket.tests.LoginTest"/>
</testsuite> <!-- chromeTest -->
