<?xml version="1.0" encoding="UTF-8"?>
<!-- Generated by org.testng.reporters.JUnitXMLReporter -->
<testsuite hostname="DESKTOP-MEULL2C" ignored="0" name="edgeTest" tests="3" failures="0" timestamp="30 Dec 2022 02:51:59 GMT" time="40.562" errors="0">
  <testcase name="loginwithInValidCredentials" time="1.311" classname="com.supermarket.tests.LoginTest"/>
  <testcase name="loginwithInValidCredentials" time="1.204" classname="com.supermarket.tests.LoginTest"/>
  <testcase name="loginwithValidCredentials" time="1.158" classname="com.supermarket.tests.LoginTest"/>
</testsuite> <!-- edgeTest -->
