<?xml version="1.0" encoding="UTF-8"?>
<!-- Generated by org.testng.reporters.JUnitXMLReporter -->
<testsuite hostname="DESKTOP-MEULL2C" ignored="1" name="Test" tests="2" failures="0" timestamp="12 Jan 2023 16:11:58 GMT" time="79.864" errors="0">
  <testcase name="loginwithValidCredentials" time="8.728" classname="com.supermarket.tests.LoginTest"/>
  <testcase name="home" time="5.021" classname="com.supermarket.tests.HomeTest"/>
  <testcase name="loginwithInValidCredentials" time="0.0" classname="com.supermarket.tests.LoginTest">
    <ignored/>
  </testcase> <!-- loginwithInValidCredentials -->
</testsuite> <!-- Test -->
